<?xml version="1.0" encoding="UTF-8" ?>
<testsuite 
errors="0" failures="0" hostname="LAPTOP-UHQCRSVJ" name="org.scalatest.tools.DiscoverySuite" tests="0" time="0.016" timestamp="2024-10-15T19:16:34">
  <properties>
    <property name="java.runtime.name" value="OpenJDK Runtime Environment">
    </property>
    <property name="java.vm.version" value="17.0.12+7-LTS"> </property>
    <property 
    name="sun.boot.library.path" value="C:\Users\Sachi\.jdks\corretto-17.0.12\bin">
</property>
    <property name="java.vm.vendor" value="Amazon.com Inc."> </property>
    <property name="java.vendor.url" value="https://aws.amazon.com/corretto/">
    </property>
    <property name="path.separator" value=";"> </property>
    <property name="java.vm.name" value="OpenJDK 64-Bit Server VM"> </property>
    <property name="sun.os.patch.level" value=""> </property>
    <property name="user.script" value=""> </property>
    <property name="user.country" value="AE"> </property>
    <property name="sun.java.launcher" value="SUN_STANDARD"> </property>
    <property 
    name="java.vm.specification.name" value="Java Virtual Machine Specification">
</property>
    <property 
    name="user.dir" value="C:\devtools\spline-spark-agent-release-2.2.0\commons">
</property>
    <property name="java.vm.compressedOopsMode" value="32-bit"> </property>
    <property name="java.runtime.version" value="17.0.12+7-LTS"> </property>
    <property 
    name="basedir" value="C:\devtools\spline-spark-agent-release-2.2.0\commons">
</property>
    <property name="os.arch" value="amd64"> </property>
    <property name="java.io.tmpdir" value="C:\Users\Sachi\AppData\Local\Temp\">
    </property>
    <property name="line.separator" value=" "> </property>
    <property name="java.vm.specification.vendor" value="Oracle Corporation">
    </property>
    <property name="user.variant" value=""> </property>
    <property name="os.name" value="Windows 11"> </property>
    <property name="sun.jnu.encoding" value="Cp1252"> </property>
    <property 
    name="java.library.path" value="C:\Users\Sachi\.jdks\corretto-17.0.12\bin;C:\WINDOWS\Sun\Java\bin;C:\WINDOWS\system32;C:\WINDOWS;C:\WINDOWS\system32;C:\WINDOWS;C:\WINDOWS\System32\Wbem;C:\WINDOWS\System32\WindowsPowerShell\v1.0\;C:\WINDOWS\System32\OpenSSH\;C:\Program Files (x86)\Oracle\Opera\Print Client;C:\Program Files\Git\cmd;C:\devtools\apache-maven-3.9.9\bin;C:\DEV;C:\Users\Sachi\.jdks\corretto-1.8.0_422\bin;C:\Users\Sachi\AppData\Local\Programs\Python\Python311\Scripts\;C:\Users\Sachi\AppData\Local\Programs\Python\Python311\;C:\Users\Sachi\AppData\Local\Microsoft\WindowsApps;C:\Users\Sachi\AppData\Local\Programs\Microsoft VS Code\bin;C:\devtools\apache-maven-3.9.9\bin;C:\Program Files\JetBrains\IntelliJ IDEA 2024.2.3\bin;;C:\DEV;C:\Users\Sachi\.jdks\corretto-1.8.0_422\bin;C:\Users\Sachi\AppData\Local\GitHubDesktop\bin;.">
</property>
    <property name="jdk.debug" value="release"> </property>
    <property name="java.class.version" value="61.0"> </property>
    <property 
    name="java.specification.name" value="Java Platform API Specification">
</property>
    <property 
    name="sun.management.compiler" value="HotSpot 64-Bit Tiered Compilers">
</property>
    <property name="os.version" value="10.0"> </property>
    <property name="user.home" value="C:\Users\Sachi"> </property>
    <property name="file.encoding" value="Cp1252"> </property>
    <property name="java.specification.version" value="17"> </property>
    <property name="user.name" value="Sachi"> </property>
    <property 
    name="java.class.path" value="C:\devtools\spline-spark-agent-release-2.2.0\commons\target\test-classes;C:\devtools\spline-spark-agent-release-2.2.0\commons\target\classes;C:\Users\Sachi\.m2\repository\commons-configuration\commons-configuration\1.10\commons-configuration-1.10.jar;C:\Users\Sachi\.m2\repository\commons-lang\commons-lang\2.6\commons-lang-2.6.jar;C:\Users\Sachi\.m2\repository\commons-logging\commons-logging\1.1.1\commons-logging-1.1.1.jar;C:\Users\Sachi\.m2\repository\org\scala-graph\graph-core_2.12\1.12.5\graph-core_2.12-1.12.5.jar;C:\Users\Sachi\.m2\repository\org\apache\commons\commons-lang3\3.9\commons-lang3-3.9.jar;C:\Users\Sachi\.m2\repository\commons-io\commons-io\2.16.1\commons-io-2.16.1.jar;C:\Users\Sachi\.m2\repository\org\scala-lang\scala-reflect\2.12.17\scala-reflect-2.12.17.jar;C:\Users\Sachi\.m2\repository\org\scala-lang\scala-compiler\2.12.17\scala-compiler-2.12.17.jar;C:\Users\Sachi\.m2\repository\org\scala-lang\modules\scala-xml_2.12\2.1.0\scala-xml_2.12-2.1.0.jar;C:\Users\Sachi\.m2\repository\org\scala-lang\scala-library\2.12.17\scala-library-2.12.17.jar;C:\Users\Sachi\.m2\repository\org\scalatest\scalatest_2.12\3.1.0\scalatest_2.12-3.1.0.jar;C:\Users\Sachi\.m2\repository\org\scalatest\scalatest-compatible\3.1.0\scalatest-compatible-3.1.0.jar;C:\Users\Sachi\.m2\repository\org\scalactic\scalactic_2.12\3.1.0\scalactic_2.12-3.1.0.jar;C:\Users\Sachi\.m2\repository\org\scalatestplus\mockito-1-10_2.12\3.1.0.0\mockito-1-10_2.12-3.1.0.0.jar;C:\Users\Sachi\.m2\repository\org\mockito\mockito-core\3.12.4\mockito-core-3.12.4.jar;C:\Users\Sachi\.m2\repository\net\bytebuddy\byte-buddy\1.11.13\byte-buddy-1.11.13.jar;C:\Users\Sachi\.m2\repository\net\bytebuddy\byte-buddy-agent\1.11.13\byte-buddy-agent-1.11.13.jar;C:\Users\Sachi\.m2\repository\org\objenesis\objenesis\3.2\objenesis-3.2.jar;C:\Users\Sachi\.m2\repository\com\google\code\findbugs\jsr305\3.0.2\jsr305-3.0.2.jar">
</property>
    <property name="java.vm.specification.version" value="17"> </property>
    <property name="sun.arch.data.model" value="64"> </property>
    <property 
    name="sun.java.command" value="org.scalatest.tools.Runner -R C:\devtools\spline-spark-agent-release-2.2.0\commons\target\classes C:\devtools\spline-spark-agent-release-2.2.0\commons\target\test-classes -oI -fWDF C:\devtools\spline-spark-agent-release-2.2.0\commons\target\surefire-reports\TestSuite.txt -u C:\devtools\spline-spark-agent-release-2.2.0\commons\target\surefire-reports\.">
</property>
    <property name="java.home" value="C:\Users\Sachi\.jdks\corretto-17.0.12">
    </property>
    <property name="user.language" value="en"> </property>
    <property name="java.specification.vendor" value="Oracle Corporation">
    </property>
    <property name="java.vm.info" value="mixed mode, sharing"> </property>
    <property name="java.version" value="17.0.12"> </property>
    <property name="native.encoding" value="Cp1252"> </property>
    <property name="java.vendor" value="Amazon.com Inc."> </property>
    <property name="file.separator" value="\"> </property>
    <property name="java.version.date" value="2024-07-16"> </property>
    <property 
    name="java.vendor.url.bug" value="https://github.com/corretto/corretto-17/issues/">
</property>
    <property name="sun.io.unicode.encoding" value="UnicodeLittle"> </property>
    <property name="sun.cpu.endian" value="little"> </property>
    <property name="java.vendor.version" value="Corretto-17.0.12.7.1">
    </property>
    <property name="sun.cpu.isalist" value="amd64"> </property>
  </properties>
  <system-out><![CDATA[]]></system-out>
  <system-err><![CDATA[]]></system-err>
</testsuite>
