<?xml version="1.0" encoding="UTF-8" ?>
<testsuite 
errors="0" failures="0" hostname="LAPTOP-UHQCRSVJ" name="org.scalatest.tools.DiscoverySuite" tests="0" time="0.01" timestamp="2024-10-15T19:18:37">
  <properties>
    <property name="java.runtime.name" value="OpenJDK Runtime Environment">
    </property>
    <property name="java.vm.version" value="17.0.12+7-LTS"> </property>
    <property 
    name="sun.boot.library.path" value="C:\Users\Sachi\.jdks\corretto-17.0.12\bin">
</property>
    <property name="java.vm.vendor" value="Amazon.com Inc."> </property>
    <property name="java.vendor.url" value="https://aws.amazon.com/corretto/">
    </property>
    <property name="path.separator" value=";"> </property>
    <property name="java.vm.name" value="OpenJDK 64-Bit Server VM"> </property>
    <property name="sun.os.patch.level" value=""> </property>
    <property name="user.script" value=""> </property>
    <property name="user.country" value="AE"> </property>
    <property name="sun.java.launcher" value="SUN_STANDARD"> </property>
    <property 
    name="java.vm.specification.name" value="Java Virtual Machine Specification">
</property>
    <property 
    name="user.dir" value="C:\devtools\spline-spark-agent-release-2.2.0\examples">
</property>
    <property name="java.vm.compressedOopsMode" value="32-bit"> </property>
    <property name="java.runtime.version" value="17.0.12+7-LTS"> </property>
    <property 
    name="basedir" value="C:\devtools\spline-spark-agent-release-2.2.0\examples">
</property>
    <property name="os.arch" value="amd64"> </property>
    <property name="java.io.tmpdir" value="C:\Users\Sachi\AppData\Local\Temp\">
    </property>
    <property name="line.separator" value=" "> </property>
    <property name="java.vm.specification.vendor" value="Oracle Corporation">
    </property>
    <property name="user.variant" value=""> </property>
    <property name="os.name" value="Windows 11"> </property>
    <property name="sun.jnu.encoding" value="Cp1252"> </property>
    <property 
    name="java.library.path" value="C:\Users\Sachi\.jdks\corretto-17.0.12\bin;C:\WINDOWS\Sun\Java\bin;C:\WINDOWS\system32;C:\WINDOWS;C:\WINDOWS\system32;C:\WINDOWS;C:\WINDOWS\System32\Wbem;C:\WINDOWS\System32\WindowsPowerShell\v1.0\;C:\WINDOWS\System32\OpenSSH\;C:\Program Files (x86)\Oracle\Opera\Print Client;C:\Program Files\Git\cmd;C:\devtools\apache-maven-3.9.9\bin;C:\DEV;C:\Users\Sachi\.jdks\corretto-1.8.0_422\bin;C:\Users\Sachi\AppData\Local\Programs\Python\Python311\Scripts\;C:\Users\Sachi\AppData\Local\Programs\Python\Python311\;C:\Users\Sachi\AppData\Local\Microsoft\WindowsApps;C:\Users\Sachi\AppData\Local\Programs\Microsoft VS Code\bin;C:\devtools\apache-maven-3.9.9\bin;C:\Program Files\JetBrains\IntelliJ IDEA 2024.2.3\bin;;C:\DEV;C:\Users\Sachi\.jdks\corretto-1.8.0_422\bin;C:\Users\Sachi\AppData\Local\GitHubDesktop\bin;.">
</property>
    <property name="jdk.debug" value="release"> </property>
    <property name="java.class.version" value="61.0"> </property>
    <property 
    name="java.specification.name" value="Java Platform API Specification">
</property>
    <property 
    name="sun.management.compiler" value="HotSpot 64-Bit Tiered Compilers">
</property>
    <property name="os.version" value="10.0"> </property>
    <property name="user.home" value="C:\Users\Sachi"> </property>
    <property name="file.encoding" value="Cp1252"> </property>
    <property name="java.specification.version" value="17"> </property>
    <property name="user.name" value="Sachi"> </property>
    <property 
    name="java.class.path" value="C:\devtools\spline-spark-agent-release-2.2.0\examples\target\test-classes;C:\devtools\spline-spark-agent-release-2.2.0\examples\target\classes;C:\devtools\spline-spark-agent-release-2.2.0\core\target\agent-core_2.12-2.2.0.jar;C:\Users\Sachi\.m2\repository\org\openjdk\nashorn\nashorn-core\15.4\nashorn-core-15.4.jar;C:\Users\Sachi\.m2\repository\org\ow2\asm\asm\7.3.1\asm-7.3.1.jar;C:\Users\Sachi\.m2\repository\org\ow2\asm\asm-commons\7.3.1\asm-commons-7.3.1.jar;C:\Users\Sachi\.m2\repository\org\ow2\asm\asm-analysis\7.3.1\asm-analysis-7.3.1.jar;C:\Users\Sachi\.m2\repository\org\ow2\asm\asm-tree\7.3.1\asm-tree-7.3.1.jar;C:\Users\Sachi\.m2\repository\org\ow2\asm\asm-util\7.3.1\asm-util-7.3.1.jar;C:\devtools\spline-spark-agent-release-2.2.0\commons\target\agent-commons_2.12-2.2.0.jar;C:\Users\Sachi\.m2\repository\org\scala-lang\scala-compiler\2.12.17\scala-compiler-2.12.17.jar;C:\Users\Sachi\.m2\repository\commons-configuration\commons-configuration\1.10\commons-configuration-1.10.jar;C:\Users\Sachi\.m2\repository\commons-lang\commons-lang\2.6\commons-lang-2.6.jar;C:\Users\Sachi\.m2\repository\commons-logging\commons-logging\1.1.1\commons-logging-1.1.1.jar;C:\Users\Sachi\.m2\repository\org\scalaj\scalaj-http_2.12\2.4.1\scalaj-http_2.12-2.4.1.jar;C:\Users\Sachi\.m2\repository\io\github\classgraph\classgraph\4.8.174\classgraph-4.8.174.jar;C:\Users\Sachi\.m2\repository\org\scala-graph\graph-core_2.12\1.12.5\graph-core_2.12-1.12.5.jar;C:\Users\Sachi\.m2\repository\com\fasterxml\uuid\java-uuid-generator\4.3.0\java-uuid-generator-4.3.0.jar;C:\Users\Sachi\.m2\repository\com\lihaoyi\fastparse_2.12\2.3.3\fastparse_2.12-2.3.3.jar;C:\Users\Sachi\.m2\repository\com\lihaoyi\sourcecode_2.12\0.2.3\sourcecode_2.12-0.2.3.jar;C:\Users\Sachi\.m2\repository\com\lihaoyi\geny_2.12\0.6.10\geny_2.12-0.6.10.jar;C:\Users\Sachi\.m2\repository\org\yaml\snakeyaml\1.33\snakeyaml-1.33.jar;C:\Users\Sachi\.m2\repository\za\co\absa\shaded\absa-shaded-jackson\0.0.1\absa-shaded-jackson-0.0.1.jar;C:\Users\Sachi\.m2\repository\za\co\absa\shaded\absa-shaded-jackson-module-scala_2.12\0.0.2\absa-shaded-jackson-module-scala_2.12-0.0.2.jar;C:\Users\Sachi\.m2\repository\org\apache\spark\spark-core_2.12\3.5.1\spark-core_2.12-3.5.1.jar;C:\Users\Sachi\.m2\repository\org\apache\avro\avro\1.11.2\avro-1.11.2.jar;C:\Users\Sachi\.m2\repository\com\fasterxml\jackson\core\jackson-core\2.14.2\jackson-core-2.14.2.jar;C:\Users\Sachi\.m2\repository\org\apache\avro\avro-mapred\1.11.2\avro-mapred-1.11.2.jar;C:\Users\Sachi\.m2\repository\org\apache\avro\avro-ipc\1.11.2\avro-ipc-1.11.2.jar;C:\Users\Sachi\.m2\repository\org\tukaani\xz\1.9\xz-1.9.jar;C:\Users\Sachi\.m2\repository\com\twitter\chill_2.12\0.10.0\chill_2.12-0.10.0.jar;C:\Users\Sachi\.m2\repository\com\esotericsoftware\kryo-shaded\4.0.2\kryo-shaded-4.0.2.jar;C:\Users\Sachi\.m2\repository\com\esotericsoftware\minlog\1.3.0\minlog-1.3.0.jar;C:\Users\Sachi\.m2\repository\com\twitter\chill-java\0.10.0\chill-java-0.10.0.jar;C:\Users\Sachi\.m2\repository\org\apache\xbean\xbean-asm9-shaded\4.23\xbean-asm9-shaded-4.23.jar;C:\Users\Sachi\.m2\repository\org\apache\hadoop\hadoop-client-api\3.3.4\hadoop-client-api-3.3.4.jar;C:\Users\Sachi\.m2\repository\org\apache\hadoop\hadoop-client-runtime\3.3.4\hadoop-client-runtime-3.3.4.jar;C:\Users\Sachi\.m2\repository\org\apache\spark\spark-launcher_2.12\3.5.1\spark-launcher_2.12-3.5.1.jar;C:\Users\Sachi\.m2\repository\org\apache\spark\spark-kvstore_2.12\3.5.1\spark-kvstore_2.12-3.5.1.jar;C:\Users\Sachi\.m2\repository\org\fusesource\leveldbjni\leveldbjni-all\1.8\leveldbjni-all-1.8.jar;C:\Users\Sachi\.m2\repository\com\fasterxml\jackson\core\jackson-annotations\2.15.2\jackson-annotations-2.15.2.jar;C:\Users\Sachi\.m2\repository\org\apache\spark\spark-network-common_2.12\3.5.1\spark-network-common_2.12-3.5.1.jar;C:\Users\Sachi\.m2\repository\com\google\crypto\tink\tink\1.9.0\tink-1.9.0.jar;C:\Users\Sachi\.m2\repository\com\google\code\gson\gson\2.10.1\gson-2.10.1.jar;C:\Users\Sachi\.m2\repository\com\google\protobuf\protobuf-java\3.19.6\protobuf-java-3.19.6.jar;C:\Users\Sachi\.m2\repository\joda-time\joda-time\2.12.5\joda-time-2.12.5.jar;C:\Users\Sachi\.m2\repository\org\apache\spark\spark-network-shuffle_2.12\3.5.1\spark-network-shuffle_2.12-3.5.1.jar;C:\Users\Sachi\.m2\repository\org\apache\spark\spark-unsafe_2.12\3.5.1\spark-unsafe_2.12-3.5.1.jar;C:\Users\Sachi\.m2\repository\org\apache\spark\spark-common-utils_2.12\3.5.1\spark-common-utils_2.12-3.5.1.jar;C:\Users\Sachi\.m2\repository\org\slf4j\jul-to-slf4j\2.0.7\jul-to-slf4j-2.0.7.jar;C:\Users\Sachi\.m2\repository\org\slf4j\jcl-over-slf4j\2.0.7\jcl-over-slf4j-2.0.7.jar;C:\Users\Sachi\.m2\repository\org\apache\logging\log4j\log4j-slf4j2-impl\2.20.0\log4j-slf4j2-impl-2.20.0.jar;C:\Users\Sachi\.m2\repository\org\apache\logging\log4j\log4j-api\2.20.0\log4j-api-2.20.0.jar;C:\Users\Sachi\.m2\repository\org\apache\logging\log4j\log4j-core\2.20.0\log4j-core-2.20.0.jar;C:\Users\Sachi\.m2\repository\org\apache\logging\log4j\log4j-1.2-api\2.20.0\log4j-1.2-api-2.20.0.jar;C:\Users\Sachi\.m2\repository\javax\activation\activation\1.1.1\activation-1.1.1.jar;C:\Users\Sachi\.m2\repository\org\apache\curator\curator-recipes\2.13.0\curator-recipes-2.13.0.jar;C:\Users\Sachi\.m2\repository\org\apache\curator\curator-framework\2.13.0\curator-framework-2.13.0.jar;C:\Users\Sachi\.m2\repository\org\apache\curator\curator-client\2.13.0\curator-client-2.13.0.jar;C:\Users\Sachi\.m2\repository\org\apache\zookeeper\zookeeper\3.6.3\zookeeper-3.6.3.jar;C:\Users\Sachi\.m2\repository\org\apache\zookeeper\zookeeper-jute\3.6.3\zookeeper-jute-3.6.3.jar;C:\Users\Sachi\.m2\repository\org\apache\yetus\audience-annotations\0.5.0\audience-annotations-0.5.0.jar;C:\Users\Sachi\.m2\repository\jakarta\servlet\jakarta.servlet-api\4.0.3\jakarta.servlet-api-4.0.3.jar;C:\Users\Sachi\.m2\repository\commons-codec\commons-codec\1.10\commons-codec-1.10.jar;C:\Users\Sachi\.m2\repository\org\apache\commons\commons-compress\1.23.0\commons-compress-1.23.0.jar;C:\Users\Sachi\.m2\repository\org\apache\commons\commons-lang3\3.9\commons-lang3-3.9.jar;C:\Users\Sachi\.m2\repository\org\apache\commons\commons-math3\3.6.1\commons-math3-3.6.1.jar;C:\Users\Sachi\.m2\repository\org\apache\commons\commons-text\1.10.0\commons-text-1.10.0.jar;C:\Users\Sachi\.m2\repository\commons-collections\commons-collections\3.2.2\commons-collections-3.2.2.jar;C:\Users\Sachi\.m2\repository\org\apache\commons\commons-collections4\4.4\commons-collections4-4.4.jar;C:\Users\Sachi\.m2\repository\com\ning\compress-lzf\1.1.2\compress-lzf-1.1.2.jar;C:\Users\Sachi\.m2\repository\org\xerial\snappy\snappy-java\1.1.10.4\snappy-java-1.1.10.4.jar;C:\Users\Sachi\.m2\repository\org\lz4\lz4-java\1.8.0\lz4-java-1.8.0.jar;C:\Users\Sachi\.m2\repository\com\github\luben\zstd-jni\1.5.5-4\zstd-jni-1.5.5-4.jar;C:\Users\Sachi\.m2\repository\org\roaringbitmap\RoaringBitmap\0.9.45\RoaringBitmap-0.9.45.jar;C:\Users\Sachi\.m2\repository\org\roaringbitmap\shims\0.9.45\shims-0.9.45.jar;C:\Users\Sachi\.m2\repository\org\scala-lang\modules\scala-xml_2.12\2.1.0\scala-xml_2.12-2.1.0.jar;C:\Users\Sachi\.m2\repository\org\scala-lang\scala-reflect\2.12.17\scala-reflect-2.12.17.jar;C:\Users\Sachi\.m2\repository\org\json4s\json4s-jackson_2.12\3.7.0-M11\json4s-jackson_2.12-3.7.0-M11.jar;C:\Users\Sachi\.m2\repository\org\json4s\json4s-core_2.12\3.7.0-M11\json4s-core_2.12-3.7.0-M11.jar;C:\Users\Sachi\.m2\repository\org\json4s\json4s-ast_2.12\3.7.0-M11\json4s-ast_2.12-3.7.0-M11.jar;C:\Users\Sachi\.m2\repository\org\json4s\json4s-scalap_2.12\3.7.0-M11\json4s-scalap_2.12-3.7.0-M11.jar;C:\Users\Sachi\.m2\repository\org\glassfish\jersey\core\jersey-client\2.40\jersey-client-2.40.jar;C:\Users\Sachi\.m2\repository\jakarta\ws\rs\jakarta.ws.rs-api\2.1.6\jakarta.ws.rs-api-2.1.6.jar;C:\Users\Sachi\.m2\repository\org\glassfish\hk2\external\jakarta.inject\2.6.1\jakarta.inject-2.6.1.jar;C:\Users\Sachi\.m2\repository\org\glassfish\jersey\core\jersey-common\2.40\jersey-common-2.40.jar;C:\Users\Sachi\.m2\repository\jakarta\annotation\jakarta.annotation-api\1.3.5\jakarta.annotation-api-1.3.5.jar;C:\Users\Sachi\.m2\repository\org\glassfish\hk2\osgi-resource-locator\1.0.3\osgi-resource-locator-1.0.3.jar;C:\Users\Sachi\.m2\repository\org\glassfish\jersey\core\jersey-server\2.40\jersey-server-2.40.jar;C:\Users\Sachi\.m2\repository\jakarta\validation\jakarta.validation-api\2.0.2\jakarta.validation-api-2.0.2.jar;C:\Users\Sachi\.m2\repository\org\glassfish\jersey\containers\jersey-container-servlet\2.40\jersey-container-servlet-2.40.jar;C:\Users\Sachi\.m2\repository\org\glassfish\jersey\containers\jersey-container-servlet-core\2.40\jersey-container-servlet-core-2.40.jar;C:\Users\Sachi\.m2\repository\org\glassfish\jersey\inject\jersey-hk2\2.40\jersey-hk2-2.40.jar;C:\Users\Sachi\.m2\repository\org\glassfish\hk2\hk2-locator\2.6.1\hk2-locator-2.6.1.jar;C:\Users\Sachi\.m2\repository\org\glassfish\hk2\external\aopalliance-repackaged\2.6.1\aopalliance-repackaged-2.6.1.jar;C:\Users\Sachi\.m2\repository\org\glassfish\hk2\hk2-api\2.6.1\hk2-api-2.6.1.jar;C:\Users\Sachi\.m2\repository\org\glassfish\hk2\hk2-utils\2.6.1\hk2-utils-2.6.1.jar;C:\Users\Sachi\.m2\repository\org\javassist\javassist\3.29.2-GA\javassist-3.29.2-GA.jar;C:\Users\Sachi\.m2\repository\io\netty\netty-all\4.1.96.Final\netty-all-4.1.96.Final.jar;C:\Users\Sachi\.m2\repository\io\netty\netty-buffer\4.1.96.Final\netty-buffer-4.1.96.Final.jar;C:\Users\Sachi\.m2\repository\io\netty\netty-codec\4.1.96.Final\netty-codec-4.1.96.Final.jar;C:\Users\Sachi\.m2\repository\io\netty\netty-codec-http\4.1.96.Final\netty-codec-http-4.1.96.Final.jar;C:\Users\Sachi\.m2\repository\io\netty\netty-codec-http2\4.1.96.Final\netty-codec-http2-4.1.96.Final.jar;C:\Users\Sachi\.m2\repository\io\netty\netty-codec-socks\4.1.96.Final\netty-codec-socks-4.1.96.Final.jar;C:\Users\Sachi\.m2\repository\io\netty\netty-common\4.1.96.Final\netty-common-4.1.96.Final.jar;C:\Users\Sachi\.m2\repository\io\netty\netty-handler\4.1.96.Final\netty-handler-4.1.96.Final.jar;C:\Users\Sachi\.m2\repository\io\netty\netty-transport-native-unix-common\4.1.96.Final\netty-transport-native-unix-common-4.1.96.Final.jar;C:\Users\Sachi\.m2\repository\io\netty\netty-handler-proxy\4.1.96.Final\netty-handler-proxy-4.1.96.Final.jar;C:\Users\Sachi\.m2\repository\io\netty\netty-resolver\4.1.96.Final\netty-resolver-4.1.96.Final.jar;C:\Users\Sachi\.m2\repository\io\netty\netty-transport\4.1.96.Final\netty-transport-4.1.96.Final.jar;C:\Users\Sachi\.m2\repository\io\netty\netty-transport-classes-epoll\4.1.96.Final\netty-transport-classes-epoll-4.1.96.Final.jar;C:\Users\Sachi\.m2\repository\io\netty\netty-transport-classes-kqueue\4.1.96.Final\netty-transport-classes-kqueue-4.1.96.Final.jar;C:\Users\Sachi\.m2\repository\io\netty\netty-transport-native-epoll\4.1.96.Final\netty-transport-native-epoll-4.1.96.Final-linux-x86_64.jar;C:\Users\Sachi\.m2\repository\io\netty\netty-transport-native-epoll\4.1.96.Final\netty-transport-native-epoll-4.1.96.Final-linux-aarch_64.jar;C:\Users\Sachi\.m2\repository\io\netty\netty-transport-native-kqueue\4.1.96.Final\netty-transport-native-kqueue-4.1.96.Final-osx-aarch_64.jar;C:\Users\Sachi\.m2\repository\io\netty\netty-transport-native-kqueue\4.1.96.Final\netty-transport-native-kqueue-4.1.96.Final-osx-x86_64.jar;C:\Users\Sachi\.m2\repository\com\clearspring\analytics\stream\2.9.6\stream-2.9.6.jar;C:\Users\Sachi\.m2\repository\io\dropwizard\metrics\metrics-core\4.2.19\metrics-core-4.2.19.jar;C:\Users\Sachi\.m2\repository\io\dropwizard\metrics\metrics-jvm\4.2.19\metrics-jvm-4.2.19.jar;C:\Users\Sachi\.m2\repository\io\dropwizard\metrics\metrics-json\4.2.19\metrics-json-4.2.19.jar;C:\Users\Sachi\.m2\repository\io\dropwizard\metrics\metrics-graphite\4.2.19\metrics-graphite-4.2.19.jar;C:\Users\Sachi\.m2\repository\io\dropwizard\metrics\metrics-jmx\4.2.19\metrics-jmx-4.2.19.jar;C:\Users\Sachi\.m2\repository\com\fasterxml\jackson\core\jackson-databind\2.15.2\jackson-databind-2.15.2.jar;C:\Users\Sachi\.m2\repository\com\fasterxml\jackson\module\jackson-module-scala_2.12\2.15.2\jackson-module-scala_2.12-2.15.2.jar;C:\Users\Sachi\.m2\repository\com\thoughtworks\paranamer\paranamer\2.8\paranamer-2.8.jar;C:\Users\Sachi\.m2\repository\org\apache\ivy\ivy\2.5.1\ivy-2.5.1.jar;C:\Users\Sachi\.m2\repository\oro\oro\2.0.8\oro-2.0.8.jar;C:\Users\Sachi\.m2\repository\net\razorvine\pickle\1.3\pickle-1.3.jar;C:\Users\Sachi\.m2\repository\net\sf\py4j\py4j\0.10.9.7\py4j-0.10.9.7.jar;C:\Users\Sachi\.m2\repository\org\apache\spark\spark-tags_2.12\3.5.1\spark-tags_2.12-3.5.1.jar;C:\Users\Sachi\.m2\repository\org\apache\commons\commons-crypto\1.1.0\commons-crypto-1.1.0.jar;C:\Users\Sachi\.m2\repository\org\apache\spark\spark-sql_2.12\3.5.1\spark-sql_2.12-3.5.1.jar;C:\Users\Sachi\.m2\repository\org\rocksdb\rocksdbjni\8.3.2\rocksdbjni-8.3.2.jar;C:\Users\Sachi\.m2\repository\com\univocity\univocity-parsers\2.9.1\univocity-parsers-2.9.1.jar;C:\Users\Sachi\.m2\repository\org\apache\spark\spark-sketch_2.12\3.5.1\spark-sketch_2.12-3.5.1.jar;C:\Users\Sachi\.m2\repository\org\apache\spark\spark-catalyst_2.12\3.5.1\spark-catalyst_2.12-3.5.1.jar;C:\Users\Sachi\.m2\repository\org\apache\spark\spark-sql-api_2.12\3.5.1\spark-sql-api_2.12-3.5.1.jar;C:\Users\Sachi\.m2\repository\org\scala-lang\modules\scala-parser-combinators_2.12\2.3.0\scala-parser-combinators_2.12-2.3.0.jar;C:\Users\Sachi\.m2\repository\org\antlr\antlr4-runtime\4.9.3\antlr4-runtime-4.9.3.jar;C:\Users\Sachi\.m2\repository\org\apache\arrow\arrow-vector\12.0.1\arrow-vector-12.0.1.jar;C:\Users\Sachi\.m2\repository\org\apache\arrow\arrow-format\12.0.1\arrow-format-12.0.1.jar;C:\Users\Sachi\.m2\repository\org\apache\arrow\arrow-memory-core\12.0.1\arrow-memory-core-12.0.1.jar;C:\Users\Sachi\.m2\repository\com\fasterxml\jackson\datatype\jackson-datatype-jsr310\2.15.1\jackson-datatype-jsr310-2.15.1.jar;C:\Users\Sachi\.m2\repository\com\google\flatbuffers\flatbuffers-java\1.12.0\flatbuffers-java-1.12.0.jar;C:\Users\Sachi\.m2\repository\org\apache\arrow\arrow-memory-netty\12.0.1\arrow-memory-netty-12.0.1.jar;C:\Users\Sachi\.m2\repository\org\codehaus\janino\janino\3.1.9\janino-3.1.9.jar;C:\Users\Sachi\.m2\repository\org\codehaus\janino\commons-compiler\3.1.9\commons-compiler-3.1.9.jar;C:\Users\Sachi\.m2\repository\org\apache\datasketches\datasketches-java\3.3.0\datasketches-java-3.3.0.jar;C:\Users\Sachi\.m2\repository\org\apache\datasketches\datasketches-memory\2.1.0\datasketches-memory-2.1.0.jar;C:\Users\Sachi\.m2\repository\org\apache\orc\orc-core\1.9.2\orc-core-1.9.2-shaded-protobuf.jar;C:\Users\Sachi\.m2\repository\org\apache\orc\orc-shims\1.9.2\orc-shims-1.9.2.jar;C:\Users\Sachi\.m2\repository\io\airlift\aircompressor\0.25\aircompressor-0.25.jar;C:\Users\Sachi\.m2\repository\org\jetbrains\annotations\17.0.0\annotations-17.0.0.jar;C:\Users\Sachi\.m2\repository\org\threeten\threeten-extra\1.7.1\threeten-extra-1.7.1.jar;C:\Users\Sachi\.m2\repository\org\apache\orc\orc-mapreduce\1.9.2\orc-mapreduce-1.9.2-shaded-protobuf.jar;C:\Users\Sachi\.m2\repository\org\apache\hive\hive-storage-api\2.8.1\hive-storage-api-2.8.1.jar;C:\Users\Sachi\.m2\repository\org\apache\parquet\parquet-column\1.13.1\parquet-column-1.13.1.jar;C:\Users\Sachi\.m2\repository\org\apache\parquet\parquet-common\1.13.1\parquet-common-1.13.1.jar;C:\Users\Sachi\.m2\repository\org\apache\parquet\parquet-encoding\1.13.1\parquet-encoding-1.13.1.jar;C:\Users\Sachi\.m2\repository\org\apache\parquet\parquet-hadoop\1.13.1\parquet-hadoop-1.13.1.jar;C:\Users\Sachi\.m2\repository\org\apache\parquet\parquet-format-structures\1.13.1\parquet-format-structures-1.13.1.jar;C:\Users\Sachi\.m2\repository\org\apache\parquet\parquet-jackson\1.13.1\parquet-jackson-1.13.1.jar;C:\Users\Sachi\.m2\repository\commons-io\commons-io\2.16.1\commons-io-2.16.1.jar;C:\Users\Sachi\.m2\repository\com\databricks\spark-xml_2.12\0.5.0\spark-xml_2.12-0.5.0.jar;C:\Users\Sachi\.m2\repository\com\crealytics\spark-excel_2.12\0.13.7\spark-excel_2.12-0.13.7.jar;C:\Users\Sachi\.m2\repository\org\apache\poi\poi\4.1.2\poi-4.1.2.jar;C:\Users\Sachi\.m2\repository\com\zaxxer\SparseBitSet\1.2\SparseBitSet-1.2.jar;C:\Users\Sachi\.m2\repository\org\apache\poi\poi-ooxml\4.1.2\poi-ooxml-4.1.2.jar;C:\Users\Sachi\.m2\repository\org\apache\poi\poi-ooxml-schemas\4.1.2\poi-ooxml-schemas-4.1.2.jar;C:\Users\Sachi\.m2\repository\org\apache\xmlbeans\xmlbeans\3.1.0\xmlbeans-3.1.0.jar;C:\Users\Sachi\.m2\repository\com\github\virtuald\curvesapi\1.06\curvesapi-1.06.jar;C:\Users\Sachi\.m2\repository\com\norbitltd\spoiwo_2.12\1.8.0\spoiwo_2.12-1.8.0.jar;C:\Users\Sachi\.m2\repository\com\github\pjfanning\excel-streaming-reader\2.3.6\excel-streaming-reader-2.3.6.jar;C:\Users\Sachi\.m2\repository\xml-apis\xml-apis\1.4.01\xml-apis-1.4.01.jar;C:\Users\Sachi\.m2\repository\com\github\pjfanning\poi-shared-strings\1.0.4\poi-shared-strings-1.0.4.jar;C:\Users\Sachi\.m2\repository\com\h2database\h2\1.4.200\h2-1.4.200.jar;C:\Users\Sachi\.m2\repository\org\apache\kafka\kafka-clients\2.4.1\kafka-clients-2.4.1.jar;C:\Users\Sachi\.m2\repository\org\slf4j\slf4j-api\1.7.28\slf4j-api-1.7.28.jar;C:\Users\Sachi\.m2\repository\com\google\cloud\spark\spark-bigquery-with-dependencies_2.12\0.22.1\spark-bigquery-with-dependencies_2.12-0.22.1.jar;C:\Users\Sachi\.m2\repository\io\delta\delta-core_2.12\0.3.0\delta-core_2.12-0.3.0.jar;C:\Users\Sachi\.m2\repository\com\google\guava\guava\14.0.1\guava-14.0.1.jar;C:\Users\Sachi\.m2\repository\org\scala-lang\scala-library\2.12.17\scala-library-2.12.17.jar;C:\Users\Sachi\.m2\repository\org\scalatest\scalatest_2.12\3.1.0\scalatest_2.12-3.1.0.jar;C:\Users\Sachi\.m2\repository\org\scalatest\scalatest-compatible\3.1.0\scalatest-compatible-3.1.0.jar;C:\Users\Sachi\.m2\repository\org\scalactic\scalactic_2.12\3.1.0\scalactic_2.12-3.1.0.jar;C:\Users\Sachi\.m2\repository\org\scalatestplus\mockito-1-10_2.12\3.1.0.0\mockito-1-10_2.12-3.1.0.0.jar;C:\Users\Sachi\.m2\repository\org\mockito\mockito-core\3.12.4\mockito-core-3.12.4.jar;C:\Users\Sachi\.m2\repository\net\bytebuddy\byte-buddy\1.11.13\byte-buddy-1.11.13.jar;C:\Users\Sachi\.m2\repository\net\bytebuddy\byte-buddy-agent\1.11.13\byte-buddy-agent-1.11.13.jar;C:\Users\Sachi\.m2\repository\org\objenesis\objenesis\3.2\objenesis-3.2.jar;C:\Users\Sachi\.m2\repository\com\google\code\findbugs\jsr305\3.0.2\jsr305-3.0.2.jar">
</property>
    <property name="java.vm.specification.version" value="17"> </property>
    <property name="sun.arch.data.model" value="64"> </property>
    <property 
    name="sun.java.command" value="org.scalatest.tools.Runner -R C:\devtools\spline-spark-agent-release-2.2.0\examples\target\classes C:\devtools\spline-spark-agent-release-2.2.0\examples\target\test-classes -oI -fWDF C:\devtools\spline-spark-agent-release-2.2.0\examples\target\surefire-reports\TestSuite.txt -u C:\devtools\spline-spark-agent-release-2.2.0\examples\target\surefire-reports\.">
</property>
    <property name="java.home" value="C:\Users\Sachi\.jdks\corretto-17.0.12">
    </property>
    <property name="user.language" value="en"> </property>
    <property name="java.specification.vendor" value="Oracle Corporation">
    </property>
    <property name="java.vm.info" value="mixed mode, sharing"> </property>
    <property name="java.version" value="17.0.12"> </property>
    <property name="native.encoding" value="Cp1252"> </property>
    <property name="java.vendor" value="Amazon.com Inc."> </property>
    <property name="file.separator" value="\"> </property>
    <property name="java.version.date" value="2024-07-16"> </property>
    <property 
    name="java.vendor.url.bug" value="https://github.com/corretto/corretto-17/issues/">
</property>
    <property name="sun.io.unicode.encoding" value="UnicodeLittle"> </property>
    <property name="sun.cpu.endian" value="little"> </property>
    <property name="java.vendor.version" value="Corretto-17.0.12.7.1">
    </property>
    <property name="sun.cpu.isalist" value="amd64"> </property>
  </properties>
  <system-out><![CDATA[]]></system-out>
  <system-err><![CDATA[]]></system-err>
</testsuite>
